<?xml version="1.0" encoding="UTF-8"?>
<!-- Generated by org.testng.reporters.JUnitReportReporter -->
<testsuite hostname="SATWADDE" name="com.elearning.testRunners.E_learning_TestRunner" tests="1" failures="0" timestamp="29 Jul 2020 14:42:28 GMT" time="174.156" errors="0">
  <testcase name="feature" time="174.156" classname="com.elearning.testRunners.E_learning_TestRunner"/>
</testsuite> <!-- com.elearning.testRunners.E_learning_TestRunner -->
