<?xml version="1.0" encoding="UTF-8"?>
<!-- Generated by org.testng.reporters.JUnitReportReporter -->
<testsuite hostname="SATWADDE" name="com.elearning.utils.DP" tests="2" failures="0" timestamp="29 Jul 2020 12:30:56 GMT" time="0.013" errors="0">
  <testcase name="myTestMethod" time="0.003" classname="com.elearning.utils.DP"/>
  <testcase name="myTestMethod" time="0.010" classname="com.elearning.utils.DP"/>
</testsuite> <!-- com.elearning.utils.DP -->
