<?xml version="1.0" encoding="UTF-8"?>
<!-- Generated by org.testng.reporters.JUnitReportReporter -->
<testsuite hostname="SATWADDE" name="com.elearning.testRunners.E_learning_TestRunner" tests="1" failures="0" timestamp="1 Aug 2020 06:00:32 GMT" time="140.398" errors="0">
  <testcase name="feature" time="140.398" classname="com.elearning.testRunners.E_learning_TestRunner"/>
</testsuite> <!-- com.elearning.testRunners.E_learning_TestRunner -->
