<?xml version="1.0" encoding="UTF-8"?>
<!-- Generated by org.testng.reporters.JUnitReportReporter -->
<testsuite hostname="SATWADDE" failures="0" tests="1" name="com.elearning.utils.Hooks" time="0.004" errors="0" timestamp="11 Jul 2020 14:26:27 GMT">
  <testcase classname="com.elearning.utils.Hooks" name="t" time="0.004"/>
</testsuite> <!-- com.elearning.utils.Hooks -->
